<?xml version="1.0" encoding="UTF-8"?>
<!-- Generated by org.testng.reporters.JUnitReportReporter -->
<testsuite hostname="DESKTOP-60D0EKE" name="Pack1.Sample1" tests="1" failures="0" timestamp="25 Jul 2020 12:04:19 GMT" time="0.016" errors="0">
  <testcase name="m" time="0.016" classname="Pack1.Sample1"/>
</testsuite> <!-- Pack1.Sample1 -->
